15:33:51.700 [main] INFO  com.intuit.karate.Runner - using system property 'karate.options': --tags @debug
15:33:52.694 [main] DEBUG com.intuit.karate.Suite - [config] classpath:karate-config.js
15:33:52.705 [main] DEBUG com.intuit.karate.Suite - waiting for 7 features to complete
15:33:54.662 [pool-1-thread-1] INFO  com.intuit.karate - karate.env system property was: null 
15:33:55.318 [pool-1-thread-1] DEBUG com.intuit.karate - request:
1 > GET https://api.todoist.com/rest/v1/projects
1 > Authorization: Bearer 119f5e89fd97fffa74750404a5f9ac49376d136a
1 > Host: api.todoist.com
1 > Connection: Keep-Alive
1 > User-Agent: Apache-HttpClient/4.5.13 (Java/11.0.11)
1 > Accept-Encoding: gzip,deflate


15:33:56.828 [pool-1-thread-1] DEBUG com.intuit.karate - response time in milliseconds: 1504
1 < 200
1 < Content-Type: application/json
1 < Content-Length: 656
1 < Connection: keep-alive
1 < Date: Thu, 26 Aug 2021 10:03:57 GMT
1 < X-Cache: Miss from cloudfront
1 < Via: 1.1 a54512dcc1a642557608accecd0a680b.cloudfront.net (CloudFront)
1 < X-Amz-Cf-Pop: HYD50-C1
1 < X-Amz-Cf-Id: d_YqUGnBIudZav08yu6oCyTusogL9cv-bOxCs3lJO-FV5auNfGQbnQ==
[
	{
		"id": 2272019564,
		"color": 48,
		"name": "Inbox",
		"comment_count": 0,
		"shared": false,
		"favorite": false,
		"sync_id": 0,
		"inbox_project": true,
		"url": "https://todoist.com/showProject?id=2272019564"
	},
	{
		"id": 2272019565,
		"order": 1,
		"color": 48,
		"name": "Welcome 👋",
		"comment_count": 0,
		"shared": false,
		"favorite": false,
		"sync_id": 0,
		"url": "https://todoist.com/showProject?id=2272019565"
	},
	{
		"id": 2272019566,
		"order": 2,
		"color": 48,
		"name": "Try Boards",
		"comment_count": 0,
		"shared": false,
		"favorite": false,
		"sync_id": 0,
		"url": "https://todoist.com/showProject?id=2272019566"
	}
]

15:33:56.899 [pool-1-thread-1] DEBUG com.intuit.karate - request:
2 > POST https://api.todoist.com/rest/v1/projects
2 > Authorization: Bearer 119f5e89fd97fffa74750404a5f9ac49376d136a
2 > Content-Type: application/json; charset=UTF-8
2 > Content-Length: 23
2 > Host: api.todoist.com
2 > Connection: Keep-Alive
2 > User-Agent: Apache-HttpClient/4.5.13 (Java/11.0.11)
2 > Accept-Encoding: gzip,deflate
{"name":"Holiday Trip"}

15:33:58.182 [pool-1-thread-1] DEBUG com.intuit.karate - response time in milliseconds: 1283
2 < 200
2 < Content-Type: application/json
2 < Content-Length: 205
2 < Connection: keep-alive
2 < Date: Thu, 26 Aug 2021 10:03:58 GMT
2 < X-Cache: Miss from cloudfront
2 < Via: 1.1 49a089c759f8d066ee898701299c1d36.cloudfront.net (CloudFront)
2 < X-Amz-Cf-Pop: HYD50-C1
2 < X-Amz-Cf-Id: imZBhy3_KGpMDiJQNiVXpAiQMBjQgM_h2XulCJwyXcF19OhAvnLUwA==
{
	"id": 2272295981,
	"order": 3,
	"color": 47,
	"name": "Holiday Trip",
	"comment_count": 0,
	"shared": false,
	"favorite": false,
	"sync_id": 0,
	"url": "https://todoist.com/showProject?id=2272295981"
}

15:33:58.201 [pool-1-thread-1] DEBUG com.intuit.karate - request:
3 > POST https://api.todoist.com/rest/v1/tasks
3 > Authorization: Bearer 119f5e89fd97fffa74750404a5f9ac49376d136a
3 > content-type: application/json; charset=UTF-8
3 > Content-Length: 48
3 > Host: api.todoist.com
3 > Connection: Keep-Alive
3 > User-Agent: Apache-HttpClient/4.5.13 (Java/11.0.11)
3 > Accept-Encoding: gzip,deflate
{"content":"Visit Park","project_id":2272295981}

15:33:58.864 [pool-1-thread-1] DEBUG com.intuit.karate - response time in milliseconds: 663
3 < 200
3 < Content-Type: application/json
3 < Content-Length: 330
3 < Connection: keep-alive
3 < Date: Thu, 26 Aug 2021 10:03:59 GMT
3 < X-Cache: Miss from cloudfront
3 < Via: 1.1 7dda57f7e6978046952c757eba986c68.cloudfront.net (CloudFront)
3 < X-Amz-Cf-Pop: HYD50-C1
3 < X-Amz-Cf-Id: 0bV8MhG8Uamowe4_pYrEoU6_Fe6vuyv6uv-t5BJL-8TTIAOs10UPVw==
{
	"id": 5100891755,
	"assigner": 0,
	"project_id": 2272295981,
	"section_id": 0,
	"order": 1,
	"content": "Visit Park",
	"description": "",
	"completed": false,
	"label_ids": [],
	"priority": 1,
	"comment_count": 0,
	"creator": 35209713,
	"created": "2021-08-26T10:03:59Z",
	"url": "https://todoist.com/showTask?id=5100891755"
}

15:33:58.907 [pool-1-thread-1] DEBUG com.intuit.karate - request:
4 > POST https://api.todoist.com/rest/v1/tasks/5100891755
4 > Authorization: Bearer 119f5e89fd97fffa74750404a5f9ac49376d136a
4 > content-type: application/json; charset=UTF-8
4 > Content-Length: 25
4 > Host: api.todoist.com
4 > Connection: Keep-Alive
4 > User-Agent: Apache-HttpClient/4.5.13 (Java/11.0.11)
4 > Accept-Encoding: gzip,deflate
{"due_string":"tomorrow"}

15:33:59.923 [pool-1-thread-1] DEBUG com.intuit.karate - response time in milliseconds: 1016
4 < 204
4 < Connection: keep-alive
4 < Date: Thu, 26 Aug 2021 10:04:00 GMT
4 < X-Cache: Miss from cloudfront
4 < Via: 1.1 f1d4e39bef236cf869562ee55cde3be5.cloudfront.net (CloudFront)
4 < X-Amz-Cf-Pop: HYD50-C1
4 < X-Amz-Cf-Id: lqt-Sk7T8e85lUd9Wh70yd82vaX9I1sAFGftNc6nwdsralRad9QqFg==

15:33:59.945 [pool-1-thread-1] DEBUG com.intuit.karate - request:
5 > POST https://api.todoist.com/rest/v1/tasks/5100891755/close
5 > Authorization: Bearer 119f5e89fd97fffa74750404a5f9ac49376d136a
5 > Host: api.todoist.com
5 > Connection: Keep-Alive
5 > User-Agent: Apache-HttpClient/4.5.13 (Java/11.0.11)
5 > Accept-Encoding: gzip,deflate


15:34:01.223 [pool-1-thread-1] DEBUG com.intuit.karate - response time in milliseconds: 1273
5 < 204
5 < Connection: keep-alive
5 < Date: Thu, 26 Aug 2021 10:04:01 GMT
5 < X-Cache: Miss from cloudfront
5 < Via: 1.1 932ff11be8ea9893fe1627fa0b1f3231.cloudfront.net (CloudFront)
5 < X-Amz-Cf-Pop: HYD50-C1
5 < X-Amz-Cf-Id: rUBsFqkDkpxjspWW2dLGt5OqoHQdcJWDUX7Sm1p5F6WVdaWazxXMFA==

15:34:01.229 [pool-1-thread-1] DEBUG com.intuit.karate - request:
6 > DELETE https://api.todoist.com/rest/v1/projects/2272295981
6 > Authorization: Bearer 119f5e89fd97fffa74750404a5f9ac49376d136a
6 > Host: api.todoist.com
6 > Connection: Keep-Alive
6 > User-Agent: Apache-HttpClient/4.5.13 (Java/11.0.11)
6 > Accept-Encoding: gzip,deflate


15:34:02.481 [pool-1-thread-1] DEBUG com.intuit.karate - response time in milliseconds: 1252
6 < 204
6 < Connection: keep-alive
6 < Date: Thu, 26 Aug 2021 10:04:02 GMT
6 < X-Cache: Miss from cloudfront
6 < Via: 1.1 a372de72f4dacf1cfd47b1e46bf11666.cloudfront.net (CloudFront)
6 < X-Amz-Cf-Pop: HYD50-C1
6 < X-Amz-Cf-Id: SdcW6YHJO8UCZ5AICDOVl4iuTOLza1V1Ay9LTR_SvwISoYEhUk5WQQ==

15:34:02.644 [pool-2-thread-1] WARN  k.o.t.s.s.StandardJavaScriptSerializer - [THYMELEAF] Could not initialize Jackson-based serializer even if the Jackson library was detected to be present at the classpath. Please make sure you are adding the jackson-databind module to your classpath, and that version is >= 2.5.0. THYMELEAF INITIALIZATION WILL CONTINUE, but Jackson will not be used for JavaScript serialization. Set the log to DEBUG to see a complete exception trace. Exception message is: 'com.fasterxml.jackson.databind.ObjectMapper com.fasterxml.jackson.databind.ObjectMapper.disable(com.fasterxml.jackson.core.JsonGenerator$Feature[])'
15:34:03.219 [pool-2-thread-1] INFO  com.intuit.karate.Suite - <<pass>> feature 4 of 7 (3 remaining) classpath:examples/users/TODOist.feature
15:34:03.257 [main] WARN  k.o.t.s.s.StandardJavaScriptSerializer - [THYMELEAF] Could not initialize Jackson-based serializer even if the Jackson library was detected to be present at the classpath. Please make sure you are adding the jackson-databind module to your classpath, and that version is >= 2.5.0. THYMELEAF INITIALIZATION WILL CONTINUE, but Jackson will not be used for JavaScript serialization. Set the log to DEBUG to see a complete exception trace. Exception message is: 'com.fasterxml.jackson.databind.ObjectMapper com.fasterxml.jackson.databind.ObjectMapper.disable(com.fasterxml.jackson.core.JsonGenerator$Feature[])'
15:34:03.279 [main] WARN  k.o.t.s.s.StandardJavaScriptSerializer - [THYMELEAF] Could not initialize Jackson-based serializer even if the Jackson library was detected to be present at the classpath. Please make sure you are adding the jackson-databind module to your classpath, and that version is >= 2.5.0. THYMELEAF INITIALIZATION WILL CONTINUE, but Jackson will not be used for JavaScript serialization. Set the log to DEBUG to see a complete exception trace. Exception message is: 'com.fasterxml.jackson.databind.ObjectMapper com.fasterxml.jackson.databind.ObjectMapper.disable(com.fasterxml.jackson.core.JsonGenerator$Feature[])'
15:34:03.325 [main] WARN  k.o.t.s.s.StandardJavaScriptSerializer - [THYMELEAF] Could not initialize Jackson-based serializer even if the Jackson library was detected to be present at the classpath. Please make sure you are adding the jackson-databind module to your classpath, and that version is >= 2.5.0. THYMELEAF INITIALIZATION WILL CONTINUE, but Jackson will not be used for JavaScript serialization. Set the log to DEBUG to see a complete exception trace. Exception message is: 'com.fasterxml.jackson.databind.ObjectMapper com.fasterxml.jackson.databind.ObjectMapper.disable(com.fasterxml.jackson.core.JsonGenerator$Feature[])'
